{"contracts/BaseBridge.sol":{"l":{"12":2,"16":2,"20":0,"21":0,"25":9,"26":7},"path":"/Users/andreisimion/playground/cryptocurrency/dani/review-halo-token-bridge-2021-08/code/contracts/BaseBridge.sol","s":{"1":2,"2":2,"3":0,"4":0,"5":9},"b":{"1":[0,0],"2":[7,2]},"f":{"1":2,"2":2,"3":0,"4":9},"fnMap":{"1":{"name":"balanceOf","line":11,"loc":{"start":{"line":11,"column":4},"end":{"line":13,"column":4}}},"2":{"name":"bridgeToken","line":15,"loc":{"start":{"line":15,"column":4},"end":{"line":17,"column":4}}},"3":{"name":"updateAuthorised","line":19,"loc":{"start":{"line":19,"column":4},"end":{"line":22,"column":4}}},"4":{"name":"onlyAuthorised","line":24,"loc":{"start":{"line":24,"column":4},"end":{"line":27,"column":4}}}},"statementMap":{"1":{"start":{"line":12,"column":8},"end":{"line":12,"column":33}},"2":{"start":{"line":16,"column":8},"end":{"line":16,"column":30}},"3":{"start":{"line":20,"column":8},"end":{"line":20,"column":52}},"4":{"start":{"line":21,"column":8},"end":{"line":21,"column":24}},"5":{"start":{"line":25,"column":8},"end":{"line":25,"column":79}}},"branchMap":{"1":{"line":20,"type":"if","locations":[{"start":{"line":20,"column":8},"end":{"line":20,"column":8}},{"start":{"line":20,"column":8},"end":{"line":20,"column":8}}]},"2":{"line":25,"type":"if","locations":[{"start":{"line":25,"column":8},"end":{"line":25,"column":8}},{"start":{"line":25,"column":8},"end":{"line":25,"column":8}}]}}},"contracts/IBurnable.sol":{"l":{},"path":"/Users/andreisimion/playground/cryptocurrency/dani/review-halo-token-bridge-2021-08/code/contracts/IBurnable.sol","s":{},"b":{},"f":{},"fnMap":{},"statementMap":{},"branchMap":{}},"contracts/IMintable.sol":{"l":{},"path":"/Users/andreisimion/playground/cryptocurrency/dani/review-halo-token-bridge-2021-08/code/contracts/IMintable.sol","s":{},"b":{},"f":{},"fnMap":{},"statementMap":{},"branchMap":{}},"contracts/Migrations.sol":{"l":{"9":0,"13":0,"17":0},"path":"/Users/andreisimion/playground/cryptocurrency/dani/review-halo-token-bridge-2021-08/code/contracts/Migrations.sol","s":{"1":0,"2":0},"b":{"1":[0,0]},"f":{"1":0,"2":0},"fnMap":{"1":{"name":"restricted","line":8,"loc":{"start":{"line":8,"column":2},"end":{"line":14,"column":2}}},"2":{"name":"setCompleted","line":16,"loc":{"start":{"line":16,"column":2},"end":{"line":18,"column":2}}}},"statementMap":{"1":{"start":{"line":9,"column":4},"end":{"line":9,"column":201}},"2":{"start":{"line":17,"column":4},"end":{"line":17,"column":39}}},"branchMap":{"1":{"line":9,"type":"if","locations":[{"start":{"line":9,"column":4},"end":{"line":9,"column":4}},{"start":{"line":9,"column":4},"end":{"line":9,"column":4}}]}}},"contracts/MockToken.sol":{"l":{"11":6,"15":4},"path":"/Users/andreisimion/playground/cryptocurrency/dani/review-halo-token-bridge-2021-08/code/contracts/MockToken.sol","s":{"1":6,"2":4},"b":{},"f":{"1":6,"2":4},"fnMap":{"1":{"name":"constructor","line":10,"loc":{"start":{"line":10,"column":2},"end":{"line":12,"column":2}}},"2":{"name":"mint","line":14,"loc":{"start":{"line":14,"column":2},"end":{"line":16,"column":2}}}},"statementMap":{"1":{"start":{"line":11,"column":4},"end":{"line":11,"column":24}},"2":{"start":{"line":15,"column":4},"end":{"line":15,"column":25}}},"branchMap":{}},"contracts/PrimaryBridge.sol":{"l":{"15":3,"16":3,"17":3,"18":3,"22":2,"24":1,"25":1,"26":1,"27":1,"28":1,"37":3,"38":2,"43":1,"44":1,"45":1,"46":1,"47":1},"path":"/Users/andreisimion/playground/cryptocurrency/dani/review-halo-token-bridge-2021-08/code/contracts/PrimaryBridge.sol","s":{"1":3,"2":3,"3":3,"4":3,"5":2,"6":1,"7":1,"8":1,"9":1,"10":1,"11":3,"12":2,"13":1,"14":1,"15":1,"16":1,"17":1},"b":{"1":[3,0],"2":[1,1],"3":[2,1],"4":[1,1]},"f":{"1":3,"2":2,"3":3},"fnMap":{"1":{"name":"constructor","line":14,"loc":{"start":{"line":14,"column":1},"end":{"line":19,"column":1}}},"2":{"name":"deposit","line":21,"loc":{"start":{"line":21,"column":1},"end":{"line":29,"column":1}}},"3":{"name":"release","line":36,"loc":{"start":{"line":31,"column":1},"end":{"line":48,"column":1}}}},"statementMap":{"1":{"start":{"line":15,"column":2},"end":{"line":15,"column":48}},"2":{"start":{"line":16,"column":2},"end":{"line":16,"column":15}},"3":{"start":{"line":17,"column":2},"end":{"line":17,"column":25}},"4":{"start":{"line":18,"column":2},"end":{"line":18,"column":21}},"5":{"start":{"line":22,"column":2},"end":{"line":22,"column":53}},"6":{"start":{"line":24,"column":2},"end":{"line":24,"column":58}},"7":{"start":{"line":25,"column":2},"end":{"line":25,"column":21}},"8":{"start":{"line":26,"column":2},"end":{"line":26,"column":29}},"9":{"start":{"line":27,"column":2},"end":{"line":27,"column":68}},"10":{"start":{"line":28,"column":2},"end":{"line":28,"column":13}},"11":{"start":{"line":37,"column":2},"end":{"line":37,"column":53}},"12":{"start":{"line":38,"column":2},"end":{"line":38,"column":1068}},"13":{"start":{"line":43,"column":2},"end":{"line":43,"column":40}},"14":{"start":{"line":44,"column":2},"end":{"line":44,"column":21}},"15":{"start":{"line":45,"column":2},"end":{"line":45,"column":29}},"16":{"start":{"line":46,"column":2},"end":{"line":46,"column":62}},"17":{"start":{"line":47,"column":2},"end":{"line":47,"column":13}}},"branchMap":{"1":{"line":15,"type":"if","locations":[{"start":{"line":15,"column":2},"end":{"line":15,"column":2}},{"start":{"line":15,"column":2},"end":{"line":15,"column":2}}]},"2":{"line":22,"type":"if","locations":[{"start":{"line":22,"column":2},"end":{"line":22,"column":2}},{"start":{"line":22,"column":2},"end":{"line":22,"column":2}}]},"3":{"line":37,"type":"if","locations":[{"start":{"line":37,"column":2},"end":{"line":37,"column":2}},{"start":{"line":37,"column":2},"end":{"line":37,"column":2}}]},"4":{"line":38,"type":"if","locations":[{"start":{"line":38,"column":2},"end":{"line":38,"column":2}},{"start":{"line":38,"column":2},"end":{"line":38,"column":2}}]}}},"contracts/SecondaryBridge.sol":{"l":{"18":3,"19":3,"20":3,"21":3,"29":4,"30":3,"31":2,"32":2,"33":2,"34":2,"38":4,"39":3,"40":2,"41":1,"42":1,"43":1},"path":"/Users/andreisimion/playground/cryptocurrency/dani/review-halo-token-bridge-2021-08/code/contracts/SecondaryBridge.sol","s":{"1":3,"2":3,"3":3,"4":3,"5":4,"6":3,"7":2,"8":2,"9":2,"10":2,"11":4,"12":3,"13":2,"14":1,"15":1,"16":1},"b":{"1":[3,0],"2":[3,1],"3":[2,1],"4":[3,1],"5":[2,1]},"f":{"1":3,"2":4,"3":4},"fnMap":{"1":{"name":"constructor","line":17,"loc":{"start":{"line":17,"column":1},"end":{"line":22,"column":1}}},"2":{"name":"mint","line":28,"loc":{"start":{"line":24,"column":1},"end":{"line":35,"column":1}}},"3":{"name":"burn","line":37,"loc":{"start":{"line":37,"column":1},"end":{"line":44,"column":1}}}},"statementMap":{"1":{"start":{"line":18,"column":2},"end":{"line":18,"column":48}},"2":{"start":{"line":19,"column":2},"end":{"line":19,"column":15}},"3":{"start":{"line":20,"column":2},"end":{"line":20,"column":19}},"4":{"start":{"line":21,"column":2},"end":{"line":21,"column":25}},"5":{"start":{"line":29,"column":2},"end":{"line":29,"column":53}},"6":{"start":{"line":30,"column":2},"end":{"line":30,"column":66}},"7":{"start":{"line":31,"column":2},"end":{"line":31,"column":40}},"8":{"start":{"line":32,"column":2},"end":{"line":32,"column":23}},"9":{"start":{"line":33,"column":2},"end":{"line":33,"column":66}},"10":{"start":{"line":34,"column":2},"end":{"line":34,"column":13}},"11":{"start":{"line":38,"column":2},"end":{"line":38,"column":53}},"12":{"start":{"line":39,"column":2},"end":{"line":39,"column":90}},"13":{"start":{"line":40,"column":2},"end":{"line":40,"column":47}},"14":{"start":{"line":41,"column":2},"end":{"line":41,"column":23}},"15":{"start":{"line":42,"column":2},"end":{"line":42,"column":59}},"16":{"start":{"line":43,"column":2},"end":{"line":43,"column":13}}},"branchMap":{"1":{"line":18,"type":"if","locations":[{"start":{"line":18,"column":2},"end":{"line":18,"column":2}},{"start":{"line":18,"column":2},"end":{"line":18,"column":2}}]},"2":{"line":29,"type":"if","locations":[{"start":{"line":29,"column":2},"end":{"line":29,"column":2}},{"start":{"line":29,"column":2},"end":{"line":29,"column":2}}]},"3":{"line":30,"type":"if","locations":[{"start":{"line":30,"column":2},"end":{"line":30,"column":2}},{"start":{"line":30,"column":2},"end":{"line":30,"column":2}}]},"4":{"line":38,"type":"if","locations":[{"start":{"line":38,"column":2},"end":{"line":38,"column":2}},{"start":{"line":38,"column":2},"end":{"line":38,"column":2}}]},"5":{"line":39,"type":"if","locations":[{"start":{"line":39,"column":2},"end":{"line":39,"column":2}},{"start":{"line":39,"column":2},"end":{"line":39,"column":2}}]}}}}