TN:
SF:/Users/andreisimion/playground/cryptocurrency/dani/review-halo-token-bridge-2021-08/code/contracts/BaseBridge.sol
FN:11,balanceOf
FN:15,bridgeToken
FN:19,updateAuthorised
FN:24,onlyAuthorised
FNF:4
FNH:3
FNDA:2,balanceOf
FNDA:2,bridgeToken
FNDA:0,updateAuthorised
FNDA:9,onlyAuthorised
DA:12,2
DA:16,2
DA:20,0
DA:21,0
DA:25,9
DA:26,7
LF:6
LH:4
BRDA:20,1,0,0
BRDA:20,1,1,0
BRDA:25,2,0,7
BRDA:25,2,1,2
BRF:4
BRH:2
end_of_record
TN:
SF:/Users/andreisimion/playground/cryptocurrency/dani/review-halo-token-bridge-2021-08/code/contracts/IBurnable.sol
FNF:0
FNH:0
LF:0
LH:0
BRF:0
BRH:0
end_of_record
TN:
SF:/Users/andreisimion/playground/cryptocurrency/dani/review-halo-token-bridge-2021-08/code/contracts/IMintable.sol
FNF:0
FNH:0
LF:0
LH:0
BRF:0
BRH:0
end_of_record
TN:
SF:/Users/andreisimion/playground/cryptocurrency/dani/review-halo-token-bridge-2021-08/code/contracts/Migrations.sol
FN:8,restricted
FN:16,setCompleted
FNF:2
FNH:0
FNDA:0,restricted
FNDA:0,setCompleted
DA:9,0
DA:13,0
DA:17,0
LF:3
LH:0
BRDA:9,1,0,0
BRDA:9,1,1,0
BRF:2
BRH:0
end_of_record
TN:
SF:/Users/andreisimion/playground/cryptocurrency/dani/review-halo-token-bridge-2021-08/code/contracts/MockToken.sol
FN:10,constructor
FN:14,mint
FNF:2
FNH:2
FNDA:6,constructor
FNDA:4,mint
DA:11,6
DA:15,4
LF:2
LH:2
BRF:0
BRH:0
end_of_record
TN:
SF:/Users/andreisimion/playground/cryptocurrency/dani/review-halo-token-bridge-2021-08/code/contracts/PrimaryBridge.sol
FN:14,constructor
FN:21,deposit
FN:36,release
FNF:3
FNH:3
FNDA:3,constructor
FNDA:2,deposit
FNDA:3,release
DA:15,3
DA:16,3
DA:17,3
DA:18,3
DA:22,2
DA:24,1
DA:25,1
DA:26,1
DA:27,1
DA:28,1
DA:37,3
DA:38,2
DA:43,1
DA:44,1
DA:45,1
DA:46,1
DA:47,1
LF:17
LH:17
BRDA:15,1,0,3
BRDA:15,1,1,0
BRDA:22,2,0,1
BRDA:22,2,1,1
BRDA:37,3,0,2
BRDA:37,3,1,1
BRDA:38,4,0,1
BRDA:38,4,1,1
BRF:8
BRH:7
end_of_record
TN:
SF:/Users/andreisimion/playground/cryptocurrency/dani/review-halo-token-bridge-2021-08/code/contracts/SecondaryBridge.sol
FN:17,constructor
FN:28,mint
FN:37,burn
FNF:3
FNH:3
FNDA:3,constructor
FNDA:4,mint
FNDA:4,burn
DA:18,3
DA:19,3
DA:20,3
DA:21,3
DA:29,4
DA:30,3
DA:31,2
DA:32,2
DA:33,2
DA:34,2
DA:38,4
DA:39,3
DA:40,2
DA:41,1
DA:42,1
DA:43,1
LF:16
LH:16
BRDA:18,1,0,3
BRDA:18,1,1,0
BRDA:29,2,0,3
BRDA:29,2,1,1
BRDA:30,3,0,2
BRDA:30,3,1,1
BRDA:38,4,0,3
BRDA:38,4,1,1
BRDA:39,5,0,2
BRDA:39,5,1,1
BRF:10
BRH:9
end_of_record
